2026-02-12T18:12:24.784Z - Triggering analysis for complaint 36
2026-02-12T18:12:31.687Z - Analysis result for 36: {"department":"PWD","priority":"High","ai_tags":"roads, potholes, infrastructure","confidence":0.98}
2026-02-12T18:12:31.692Z - Updated Complaint #36 with AI data.
2026-02-12T18:18:00.208Z - Triggering analysis for complaint 37
2026-02-12T18:18:06.912Z - Analysis result for 37: {"department":"KSEB","priority":"High","ai_tags":"damaged,power,outage","confidence":0.98}
2026-02-12T18:18:06.916Z - Updated Complaint #37 with AI data.
2026-02-12T18:19:17.712Z - Triggering analysis for complaint 38
2026-02-12T18:19:25.620Z - Analysis result for 38: {"department":"Water Authority","priority":"High","ai_tags":"water supply, leakage","confidence":0.9}
2026-02-12T18:19:25.622Z - Updated Complaint #38 with AI data.
2026-02-12T18:21:50.547Z - Triggering analysis for complaint 39
2026-02-12T18:21:52.819Z - Analysis result for 39: {"department":"PWD","priority":"Medium","ai_tags":"road, pothole, infrastructure","confidence":0.9}
2026-02-12T18:21:52.821Z - Updated Complaint #39 with AI data.
2026-02-12T18:23:14.351Z - Triggering analysis for complaint 40
2026-02-12T18:23:16.423Z - Analysis result for 40: {"department":"PWD","priority":"Medium","ai_tags":"road, infrastructure","confidence":0.98}
2026-02-12T18:23:16.425Z - Updated Complaint #40 with AI data.
2026-02-12T18:35:46.128Z - Triggering analysis for complaint 41
2026-02-12T18:35:53.000Z - Analysis result for 41: {"department":"Corporation","priority":"Low","ai_tags":"garbage,taxes","confidence":0.85}
2026-02-12T18:35:53.003Z - Updated Complaint #41 with AI data.
2026-02-12T18:53:29.740Z - Triggering analysis for complaint 43
2026-02-12T18:53:32.095Z - Analysis result for 43: {"department":"Corporation","priority":"Low","ai_tags":"waste, technology","confidence":0.8}
2026-02-12T18:53:32.123Z - Updated Complaint #43 with AI data.
2026-02-12T19:19:59.782Z - Triggering analysis for complaint 44
2026-02-12T19:20:06.736Z - Analysis result for 44: {"department":"Corporation","priority":"Medium","ai_tags":"waste, garbage, health","confidence":0.8}
2026-02-12T19:20:06.742Z - Updated Complaint #44 with AI data.
[COMPLAINT] AI Null/Failed for #60. isOthers=true
[BLOCKCHAIN] Adding block: COMPLAINT_FILED_FALLBACK for ID 60
[BLOCKCHAIN] Success: Block #12 added.
[COMPLAINT] Fallback block created for #60
[COMPLAINT] AI Null/Failed for #61. isOthers=true
[BLOCKCHAIN] Adding block: COMPLAINT_FILED_FALLBACK for ID 61
[BLOCKCHAIN] Success: Block #13 added.
[COMPLAINT] Fallback block created for #61
[COMPLAINT] AI Null/Failed for #62. isOthers=true
[BLOCKCHAIN] Adding block: COMPLAINT_FILED_FALLBACK for ID 62
[BLOCKCHAIN] Success: Block #14 added.
[COMPLAINT] Fallback block created for #62
[COMPLAINT] AI Null/Failed for #63. isOthers=true
[BLOCKCHAIN] Adding block: COMPLAINT_FILED_FALLBACK for ID 63
[BLOCKCHAIN] Success: Block #15 added.
[COMPLAINT] Fallback block created for #63
[BLOCKCHAIN] Adding block: COMPLAINT_FILED for ID 64
[BLOCKCHAIN] Success: Block #16 added.
[COMPLAINT] AI Null/Failed for #64. isOthers=false
[BLOCKCHAIN] Adding block: COMPLAINT_FILED for ID 65
[BLOCKCHAIN] Success: Block #17 added.
[COMPLAINT] AI Null/Failed for #65. isOthers=false
[BLOCKCHAIN] Adding block: COMPLAINT_DELETED for ID 65
[BLOCKCHAIN] Success: Block #1018 added.
[BLOCKCHAIN] Adding block: COMPLAINT_DELETED for ID 64
[BLOCKCHAIN] Success: Block #1019 added.
[BLOCKCHAIN] Adding block: COMPLAINT_DELETED for ID 63
[BLOCKCHAIN] Success: Block #1020 added.
[BLOCKCHAIN] Adding block: COMPLAINT_DELETED for ID 62
[BLOCKCHAIN] Success: Block #1021 added.
[BLOCKCHAIN] Adding block: COMPLAINT_DELETED for ID 61
[BLOCKCHAIN] Success: Block #1022 added.
[BLOCKCHAIN] Adding block: COMPLAINT_DELETED for ID 60
[BLOCKCHAIN] Success: Block #1023 added.
[BLOCKCHAIN] Adding block: COMPLAINT_DELETED for ID 59
[BLOCKCHAIN] Success: Block #1024 added.
[BLOCKCHAIN] Adding block: COMPLAINT_DELETED for ID 58
[BLOCKCHAIN] Success: Block #1025 added.
[BLOCKCHAIN] Adding block: COMPLAINT_DELETED for ID 57
[BLOCKCHAIN] Success: Block #1026 added.
[BLOCKCHAIN] Adding block: COMPLAINT_DELETED for ID 56
[BLOCKCHAIN] Success: Block #1027 added.
[BLOCKCHAIN] Adding block: TEST_VALIDATION for ID 999999
[BLOCKCHAIN] Success: Block #1028 added.
[API] New Complaint: Type=Water Leak, Lat=10.855238038002526, Lng=76.27774831598337
[BLOCKCHAIN] Adding block: COMPLAINT_FILED for ID 68
[BLOCKCHAIN] Success: Block #1029 added.
[COMPLAINT] AI Null/Failed for #68. isOthers=false
[BLOCKCHAIN] Adding block: COMPLAINT_FILED for ID 69
[BLOCKCHAIN] Success: Block #1030 added.
[COMPLAINT] AI Null/Failed for #69. isOthers=false
[COMPLAINT] AI Null/Failed for #70. isOthers=true
[COMPLAINT] Fallback Block Error: blockLocation is not defined
[BLOCKCHAIN] Adding block: COMPLAINT_DELETED for ID 70
[BLOCKCHAIN] Success: Block #1031 added.
[COMPLAINT] AI Null/Failed for #71. isOthers=true
[COMPLAINT] Fallback Block Error: blockLocation is not defined
[BLOCKCHAIN] Adding block: STATUS_UPDATE for ID 71
[BLOCKCHAIN] Success: Block #1032 added.
[BLOCKCHAIN] Adding block: COMPLAINT_FILED for ID 72
[BLOCKCHAIN] Success: Block #1033 added.
[COMPLAINT] AI Null/Failed for #72. isOthers=false
[COMPLAINT] AI Null/Failed for #73. isOthers=true
[COMPLAINT] Fallback Block Error: blockLocation is not defined
