
[2026-02-15T06:59:34.114Z] POST /complaints
Body: {"type":"Electricity","description":"s","latitude":"8.468280351547842","longitude":"76.95423547220916"}

[2026-02-15T06:59:34.945Z] POST /complaints
Body: {"type":"Electricity","description":"s","latitude":"8.468280351547842","longitude":"76.95423547220916"}

[2026-02-15T06:59:35.151Z] POST /complaints
Body: {"type":"Electricity","description":"s","latitude":"8.468280351547842","longitude":"76.95423547220916"}

[2026-02-15T06:59:35.290Z] POST /complaints
Body: {"type":"Electricity","description":"s","latitude":"8.468280351547842","longitude":"76.95423547220916"}

[2026-02-15T07:01:13.280Z] POST /complaints
Body: {"type":"Electricity","description":"s","latitude":"8.468280351547842","longitude":"76.95423547220916"}
[2026-02-15T07:01:13.281Z] ERROR: ReferenceError: Cannot access 'assignedDept' before initialization
    at C:\E_folder\PROJECTS\NEWCIVIC_mod\server\routes\complaints.js:82:13
    at Layer.handle [as handle_request] (C:\E_folder\PROJECTS\NEWCIVIC_mod\server\node_modules\express\lib\router\layer.js:95:5)
    at next (C:\E_folder\PROJECTS\NEWCIVIC_mod\server\node_modules\express\lib\router\route.js:149:13)
    at done (C:\E_folder\PROJECTS\NEWCIVIC_mod\server\node_modules\multer\lib\make-middleware.js:47:7)
    at indicateDone (C:\E_folder\PROJECTS\NEWCIVIC_mod\server\node_modules\multer\lib\make-middleware.js:51:68)
    at C:\E_folder\PROJECTS\NEWCIVIC_mod\server\node_modules\multer\lib\make-middleware.js:157:11
    at WriteStream.<anonymous> (C:\E_folder\PROJECTS\NEWCIVIC_mod\server\node_modules\multer\storage\disk.js:43:9)
    at WriteStream.emit (node:events:520:35)
    at finish (node:internal/streams/writable:953:10)
    at node:internal/streams/writable:934:13

[2026-02-15T07:01:13.861Z] POST /complaints
Body: {"type":"Electricity","description":"s","latitude":"8.468280351547842","longitude":"76.95423547220916"}
[2026-02-15T07:01:13.861Z] ERROR: ReferenceError: Cannot access 'assignedDept' before initialization
    at C:\E_folder\PROJECTS\NEWCIVIC_mod\server\routes\complaints.js:82:13
    at Layer.handle [as handle_request] (C:\E_folder\PROJECTS\NEWCIVIC_mod\server\node_modules\express\lib\router\layer.js:95:5)
    at next (C:\E_folder\PROJECTS\NEWCIVIC_mod\server\node_modules\express\lib\router\route.js:149:13)
    at done (C:\E_folder\PROJECTS\NEWCIVIC_mod\server\node_modules\multer\lib\make-middleware.js:47:7)
    at indicateDone (C:\E_folder\PROJECTS\NEWCIVIC_mod\server\node_modules\multer\lib\make-middleware.js:51:68)
    at C:\E_folder\PROJECTS\NEWCIVIC_mod\server\node_modules\multer\lib\make-middleware.js:157:11
    at WriteStream.<anonymous> (C:\E_folder\PROJECTS\NEWCIVIC_mod\server\node_modules\multer\storage\disk.js:43:9)
    at WriteStream.emit (node:events:520:35)
    at finish (node:internal/streams/writable:953:10)
    at node:internal/streams/writable:934:13

[2026-02-15T07:01:14.017Z] POST /complaints
Body: {"type":"Electricity","description":"s","latitude":"8.468280351547842","longitude":"76.95423547220916"}
[2026-02-15T07:01:14.018Z] ERROR: ReferenceError: Cannot access 'assignedDept' before initialization
    at C:\E_folder\PROJECTS\NEWCIVIC_mod\server\routes\complaints.js:82:13
    at Layer.handle [as handle_request] (C:\E_folder\PROJECTS\NEWCIVIC_mod\server\node_modules\express\lib\router\layer.js:95:5)
    at next (C:\E_folder\PROJECTS\NEWCIVIC_mod\server\node_modules\express\lib\router\route.js:149:13)
    at done (C:\E_folder\PROJECTS\NEWCIVIC_mod\server\node_modules\multer\lib\make-middleware.js:47:7)
    at indicateDone (C:\E_folder\PROJECTS\NEWCIVIC_mod\server\node_modules\multer\lib\make-middleware.js:51:68)
    at C:\E_folder\PROJECTS\NEWCIVIC_mod\server\node_modules\multer\lib\make-middleware.js:157:11
    at WriteStream.<anonymous> (C:\E_folder\PROJECTS\NEWCIVIC_mod\server\node_modules\multer\storage\disk.js:43:9)
    at WriteStream.emit (node:events:520:35)
    at finish (node:internal/streams/writable:953:10)
    at node:internal/streams/writable:934:13

[2026-02-15T07:01:40.438Z] POST /complaints
Body: {"type":"Water Leak","description":"ss","latitude":"8.468299846974672","longitude":"76.9541845875938"}
[2026-02-15T07:01:40.438Z] ERROR: ReferenceError: Cannot access 'assignedDept' before initialization
    at C:\E_folder\PROJECTS\NEWCIVIC_mod\server\routes\complaints.js:82:13
    at Layer.handle [as handle_request] (C:\E_folder\PROJECTS\NEWCIVIC_mod\server\node_modules\express\lib\router\layer.js:95:5)
    at next (C:\E_folder\PROJECTS\NEWCIVIC_mod\server\node_modules\express\lib\router\route.js:149:13)
    at done (C:\E_folder\PROJECTS\NEWCIVIC_mod\server\node_modules\multer\lib\make-middleware.js:47:7)
    at indicateDone (C:\E_folder\PROJECTS\NEWCIVIC_mod\server\node_modules\multer\lib\make-middleware.js:51:68)
    at C:\E_folder\PROJECTS\NEWCIVIC_mod\server\node_modules\multer\lib\make-middleware.js:157:11
    at WriteStream.<anonymous> (C:\E_folder\PROJECTS\NEWCIVIC_mod\server\node_modules\multer\storage\disk.js:43:9)
    at WriteStream.emit (node:events:520:35)
    at finish (node:internal/streams/writable:953:10)
    at node:internal/streams/writable:934:13

[2026-02-15T07:03:51.183Z] POST /complaints
Body: {"type":"Garbage","description":"ss","latitude":"8.468299846974672","longitude":"76.9541845875938"}

[2026-02-15T07:03:51.184Z] POST /complaints
Body: {"type":"Garbage","description":"ss","latitude":"8.468299846974672","longitude":"76.9541845875938"}

[2026-02-15T07:04:23.893Z] POST /complaints
Body: {"type":"Streetlight","description":"ss","latitude":"8.468257443128516","longitude":"76.95425124437146"}

[2026-02-15T07:04:23.893Z] POST /complaints
Body: {"type":"Streetlight","description":"ss","latitude":"8.468257443128516","longitude":"76.95425124437146"}

[2026-02-15T07:05:51.942Z] POST /complaints
Body: {"type":"Other","description":"my house is full of garbage","latitude":"8.46794753646237","longitude":"76.95429434952177"}

[2026-02-15T07:05:51.942Z] POST /complaints
Body: {"type":"Other","description":"my house is full of garbage","latitude":"8.46794753646237","longitude":"76.95429434952177"}

[2026-02-15T16:13:00.036Z] POST /complaints
Body: {"type":"Other","description":"i have electricyt problem","latitude":"10.871071196326096","longitude":"76.23090990223469"}

[2026-02-15T16:13:00.038Z] POST /complaints
Body: {"type":"Other","description":"i have electricyt problem","latitude":"10.871071196326096","longitude":"76.23090990223469"}

[2026-02-15T17:01:59.542Z] POST /complaints
Body: {"type":"Water Leak","description":"ss","latitude":"8.467763456526098","longitude":"76.95438767642447"}

[2026-02-15T17:01:59.543Z] POST /complaints
Body: {"type":"Water Leak","description":"ss","latitude":"8.467763456526098","longitude":"76.95438767642447"}

[2026-02-15T18:03:07.097Z] POST /complaints
Body: {"type":"Other","description":"i have electricity problem and i want help please","latitude":"8.468256370563228","longitude":"76.95428444877787"}

[2026-02-15T18:03:07.098Z] POST /complaints
Body: {"type":"Other","description":"i have electricity problem and i want help please","latitude":"8.468256370563228","longitude":"76.95428444877787"}
